0 info it worked if it ends with ok
1 verbose cli [ '/usr/local/Cellar/node/7.4.0/bin/node',
1 verbose cli   '/usr/local/bin/npm',
1 verbose cli   'run',
1 verbose cli   'build-style' ]
2 info using npm@4.0.5
3 info using node@v7.4.0
4 verbose run-script [ 'prebuild-style', 'build-style', 'postbuild-style' ]
5 info lifecycle estating@1.0.0~prebuild-style: estating@1.0.0
6 silly lifecycle estating@1.0.0~prebuild-style: no script for prebuild-style, continuing
7 info lifecycle estating@1.0.0~build-style: estating@1.0.0
8 verbose lifecycle estating@1.0.0~build-style: unsafe-perm in lifecycle true
9 verbose lifecycle estating@1.0.0~build-style: PATH: /usr/local/lib/node_modules/npm/bin/node-gyp-bin:/Users/raphael/projects/estating/node_modules/.bin:/usr/bin:/bin:/usr/sbin:/sbin:/usr/local/bin:/usr/local/share/dotnet:/usr/local/git/bin:/opt/metasploit-framework/bin:/opt/metasploit-framework/bin
10 verbose lifecycle estating@1.0.0~build-style: CWD: /Users/raphael/projects/estating
11 silly lifecycle estating@1.0.0~build-style: Args: [ '-c',
11 silly lifecycle   'stylus public/stylesheets/stylus/*.styl --out public/stylesheets/css' ]
12 silly lifecycle estating@1.0.0~build-style: Returned: code: 1  signal: null
13 info lifecycle estating@1.0.0~build-style: Failed to exec build-style script
14 verbose stack Error: estating@1.0.0 build-style: `stylus public/stylesheets/stylus/*.styl --out public/stylesheets/css`
14 verbose stack Exit status 1
14 verbose stack     at EventEmitter.<anonymous> (/usr/local/lib/node_modules/npm/lib/utils/lifecycle.js:279:16)
14 verbose stack     at emitTwo (events.js:106:13)
14 verbose stack     at EventEmitter.emit (events.js:191:7)
14 verbose stack     at ChildProcess.<anonymous> (/usr/local/lib/node_modules/npm/lib/utils/spawn.js:40:14)
14 verbose stack     at emitTwo (events.js:106:13)
14 verbose stack     at ChildProcess.emit (events.js:191:7)
14 verbose stack     at maybeClose (internal/child_process.js:885:16)
14 verbose stack     at Process.ChildProcess._handle.onexit (internal/child_process.js:226:5)
15 verbose pkgid estating@1.0.0
16 verbose cwd /Users/raphael/projects/estating/public/stylesheets/stylus
17 error Darwin 15.6.0
18 error argv "/usr/local/Cellar/node/7.4.0/bin/node" "/usr/local/bin/npm" "run" "build-style"
19 error node v7.4.0
20 error npm  v4.0.5
21 error code ELIFECYCLE
22 error estating@1.0.0 build-style: `stylus public/stylesheets/stylus/*.styl --out public/stylesheets/css`
22 error Exit status 1
23 error Failed at the estating@1.0.0 build-style script 'stylus public/stylesheets/stylus/*.styl --out public/stylesheets/css'.
23 error Make sure you have the latest version of node.js and npm installed.
23 error If you do, this is most likely a problem with the estating package,
23 error not with npm itself.
23 error Tell the author that this fails on your system:
23 error     stylus public/stylesheets/stylus/*.styl --out public/stylesheets/css
23 error You can get information on how to open an issue for this project with:
23 error     npm bugs estating
23 error Or if that isn't available, you can get their info via:
23 error     npm owner ls estating
23 error There is likely additional logging output above.
24 verbose exit [ 1, true ]
